\BOOKMARK [1][-]{section.1}{Description}{}% 1
\BOOKMARK [2][-]{subsection.1.1}{Elastic medium}{section.1}% 2
\BOOKMARK [2][-]{subsection.1.2}{Strong form in frequency domain}{section.1}% 3
\BOOKMARK [2][-]{subsection.1.3}{Strong form in time domain}{section.1}% 4
\BOOKMARK [2][-]{subsection.1.4}{Displacement-based weak form}{section.1}% 5
\BOOKMARK [2][-]{subsection.1.5}{Complete discrete form}{section.1}% 6
\BOOKMARK [2][-]{subsection.1.6}{Time integration scheme}{section.1}% 7
\BOOKMARK [1][-]{section.2}{Stability of the numerical method}{}% 8
\BOOKMARK [2][-]{subsection.2.1}{Description}{section.2}% 9
\BOOKMARK [3][-]{subsubsection.2.1.1}{Principle}{subsection.2.1}% 10
\BOOKMARK [3][-]{subsubsection.2.1.2}{Definitions of the stability criterion}{subsection.2.1}% 11
\BOOKMARK [3][-]{subsubsection.2.1.3}{Material parameters and time integration scheme}{subsection.2.1}% 12
\BOOKMARK [2][-]{subsection.2.2}{Construction of the amplification matrix}{section.2}% 13
\BOOKMARK [2][-]{subsection.2.3}{Stability results}{section.2}% 14
\BOOKMARK [3][-]{subsubsection.2.3.1}{Generic bilinear quadrilateral element}{subsection.2.3}% 15
\BOOKMARK [3][-]{subsubsection.2.3.2}{PML element}{subsection.2.3}% 16
\BOOKMARK [1][-]{section.3}{Numerical results}{}% 17
\BOOKMARK [2][-]{subsection.3.1}{Bar test case}{section.3}% 18
\BOOKMARK [3][-]{subsubsection.3.1.1}{Description}{subsection.3.1}% 19
\BOOKMARK [3][-]{subsubsection.3.1.2}{Non-harmonic input wave}{subsection.3.1}% 20
\BOOKMARK [3][-]{subsubsection.3.1.3}{Analysis of the results}{subsection.3.1}% 21
\BOOKMARK [2][-]{subsection.3.2}{Lamb's test case}{section.3}% 22
\BOOKMARK [3][-]{subsubsection.3.2.1}{Description}{subsection.3.2}% 23
\BOOKMARK [3][-]{subsubsection.3.2.2}{Analysis of the results}{subsection.3.2}% 24
