This is pdfTeX, Version 3.14159265-2.6-1.40.16 (TeX Live 2015/Debian) (preloaded format=pdflatex 2018.8.4)  31 AUG 2018 15:47
entering extended mode
 restricted \write18 enabled.
 %&-line parsing enabled.
**titlepage.tex
(./titlepage.tex
LaTeX2e <2016/02/01>
Babel <3.9q> and hyphenation patterns for 81 language(s) loaded.

! LaTeX Error: Environment titlepage undefined.

See the LaTeX manual or LaTeX Companion for explanation.
Type  H <return>  for immediate help.
 ...                                              
                                                  
l.1 \begin{titlepage}
                     
Your command was ignored.
Type  I <command> <return>  to replace it with another command,
or  <return>  to continue without it.


! LaTeX Error: Missing \begin{document}.

See the LaTeX manual or LaTeX Companion for explanation.
Type  H <return>  for immediate help.
 ...                                              
                                                  
l.3 \begin{center}
                  
You're in trouble here.  Try typing  <return>  to proceed.
If that doesn't work, type  X <return>  to quit.


Overfull \hbox (20.0pt too wide) in paragraph at lines 3--3
[] 
 []

! Undefined control sequence.
l.7     {\huge
               \bfseries Absorbing Boundary Layers in Time Domain Elastodyna...
The control sequence at the end of the top line
of your error message was never \def'ed. If you have
misspelled it (e.g., `\hobx'), type `I' and the correct
spelling (e.g., `I\hbox'). Otherwise just continue,
and I'll forget about whatever was undefined.


Overfull \hbox (45.35576pt too wide) in paragraph at lines 7--7
 []\OT1/cmss/bx/n/10 Absorbing 
 []


Overfull \hbox (33.33348pt too wide) in paragraph at lines 7--7
 \OT1/cmss/bx/n/10 Bound- 
 []


Overfull \hbox (13.66673pt too wide) in paragraph at lines 7--7
 \OT1/cmss/bx/n/10 ary 
 []


Overfull \hbox (19.41676pt too wide) in paragraph at lines 7--7
 \OT1/cmss/bx/n/10 Lay- 
 []


Overfull \hbox (13.05006pt too wide) in paragraph at lines 7--7
 \OT1/cmss/bx/n/10 ers 
 []


Overfull \hbox (8.16669pt too wide) in paragraph at lines 7--7
 \OT1/cmss/bx/n/10 in 
 []


Overfull \hbox (23.66676pt too wide) in paragraph at lines 7--7
 \OT1/cmss/bx/n/10 Time 
 []


Overfull \hbox (17.1112pt too wide) in paragraph at lines 7--7
 \OT1/cmss/bx/n/10 Do- 
 []


Overfull \hbox (22.08342pt too wide) in paragraph at lines 7--7
 \OT1/cmss/bx/n/10 main 
 []


Overfull \hbox (22.10567pt too wide) in paragraph at lines 7--7
 \OT1/cmss/bx/n/10 Elas- 
 []


Overfull \hbox (13.2084pt too wide) in paragraph at lines 7--7
 \OT1/cmss/bx/n/10 to- 
 []


Overfull \hbox (14.27783pt too wide) in paragraph at lines 7--7
 \OT1/cmss/bx/n/10 dy- 
 []


Overfull \hbox (23.19455pt too wide) in paragraph at lines 7--7
 \OT1/cmss/bx/n/10 nam- 
 []


Overfull \hbox (14.71674pt too wide) in paragraph at lines 7--7
 \OT1/cmss/bx/n/10 ics: 
 []

! Undefined control sequence.
l.8     {\huge
                \itshape Two-Dimensional Perfectly Matched Layer} \\[0.5cm]
The control sequence at the end of the top line
of your error message was never \def'ed. If you have
misspelled it (e.g., `\hobx'), type `I' and the correct
spelling (e.g., `I\hbox'). Otherwise just continue,
and I'll forget about whatever was undefined.


LaTeX Font Warning: Font shape `OT1/cmss/m/it' in size <10> not available
(Font)              Font shape `OT1/cmss/m/sl' tried instead on input line 8.


Overfull \hbox (21.69449pt too wide) in paragraph at lines 8--8
 []\OT1/cmss/m/sl/10 Two- 
 []


Overfull \hbox (50.75008pt too wide) in paragraph at lines 8--8
 \OT1/cmss/m/sl/10 Dimensional 
 []


Overfull \hbox (17.30557pt too wide) in paragraph at lines 8--8
 \OT1/cmss/m/sl/10 Per- 
 []


Overfull \hbox (22.55559pt too wide) in paragraph at lines 8--8
 \OT1/cmss/m/sl/10 fectly 
 []


Overfull \hbox (36.38896pt too wide) in paragraph at lines 8--8
 \OT1/cmss/m/sl/10 Matched 
 []


Overfull \hbox (22.13895pt too wide) in paragraph at lines 8--8
 \OT1/cmss/m/sl/10 Layer 
 []

! Undefined control sequence.
l.9     {\large
                Computational Solid Mechanics Laboratory  (LSMS)}\\[0.5cm]
The control sequence at the end of the top line
of your error message was never \def'ed. If you have
misspelled it (e.g., `\hobx'), type `I' and the correct
spelling (e.g., `I\hbox'). Otherwise just continue,
and I'll forget about whatever was undefined.


Overfull \hbox (61.44455pt too wide) in paragraph at lines 9--9
 []\OT1/cmss/m/n/10 Computational 
 []


Overfull \hbox (20.50003pt too wide) in paragraph at lines 9--9
 \OT1/cmss/m/n/10 Solid 
 []


Overfull \hbox (16.52782pt too wide) in paragraph at lines 9--9
 \OT1/cmss/m/n/10 Me- 
 []


Overfull \hbox (22.91669pt too wide) in paragraph at lines 9--9
 \OT1/cmss/m/n/10 chan- 
 []


Overfull \hbox (10.66666pt too wide) in paragraph at lines 9--9
 \OT1/cmss/m/n/10 ics 
 []


Overfull \hbox (18.72226pt too wide) in paragraph at lines 9--9
 \OT1/cmss/m/n/10 Lab- 
 []


Overfull \hbox (8.33334pt too wide) in paragraph at lines 9--9
 \OT1/cmss/m/n/10 o- 
 []


Overfull \hbox (11.55559pt too wide) in paragraph at lines 9--9
 \OT1/cmss/m/n/10 ra- 
 []


Overfull \hbox (16.36116pt too wide) in paragraph at lines 9--9
 \OT1/cmss/m/n/10 tory 
 []


Overfull \hbox (33.05568pt too wide) in paragraph at lines 9--9
 \OT1/cmss/m/n/10 (LSMS) 
 []

! Undefined control sequence.
l.10     {\large
                 Ecole Polytechnique F√©d√©rale de Lausanne 2017-2018}\\[1cm]
The control sequence at the end of the top line
of your error message was never \def'ed. If you have
misspelled it (e.g., `\hobx'), type `I' and the correct
spelling (e.g., `I\hbox'). Otherwise just continue,
and I'll forget about whatever was undefined.

Missing character: There is no √ in font cmss10!
Missing character: There is no © in font cmss10!
Missing character: There is no √ in font cmss10!
Missing character: There is no © in font cmss10!

Overfull \hbox (22.25002pt too wide) in paragraph at lines 10--10
 []\OT1/cmss/m/n/10 Ecole 
 []


Overfull \hbox (21.44447pt too wide) in paragraph at lines 10--10
 \OT1/cmss/m/n/10 Poly- 
 []


Overfull \hbox (21.0pt too wide) in paragraph at lines 10--10
 \OT1/cmss/m/n/10 tech- 
 []


Overfull \hbox (22.33334pt too wide) in paragraph at lines 10--10
 \OT1/cmss/m/n/10 nique 
 []


Overfull \hbox (25.91673pt too wide) in paragraph at lines 10--10
 \OT1/cmss/m/n/10 Fdrale 
 []


Overfull \hbox (9.61111pt too wide) in paragraph at lines 10--10
 \OT1/cmss/m/n/10 de 
 []


Overfull \hbox (18.72226pt too wide) in paragraph at lines 10--10
 \OT1/cmss/m/n/10 Lau- 
 []


Overfull \hbox (23.41669pt too wide) in paragraph at lines 10--10
 \OT1/cmss/m/n/10 sanne 
 []


Overfull \hbox (23.33339pt too wide) in paragraph at lines 10--10
 \OT1/cmss/m/n/10 2017- 
 []


Overfull \hbox (20.00006pt too wide) in paragraph at lines 10--10
 \OT1/cmss/m/n/10 2018 
 []


Overfull \hbox (26.30563pt too wide) in paragraph at lines 13--13
 []\OT1/cmss/m/n/10 March 
 []


Overfull \hbox (20.00006pt too wide) in paragraph at lines 13--13
 \OT1/cmss/m/n/10 2018 
 []


Overfull \hbox (3.33333pt too wide) in paragraph at lines 13--13
 \OT1/cmss/m/n/10 - 
 []


Overfull \hbox (15.16669pt too wide) in paragraph at lines 13--13
 \OT1/cmss/m/n/10 Au- 
 []


Overfull \hbox (17.61113pt too wide) in paragraph at lines 13--13
 \OT1/cmss/m/n/10 gust 
 []


Overfull \hbox (20.00006pt too wide) in paragraph at lines 13--13
 \OT1/cmss/m/n/10 2018 
 []

! Undefined control sequence.
l.16   \includegraphics
                       [width=.98\linewidth]{images/EPFL-Logo.jpg}\\[0.3cm]
The control sequence at the end of the top line
of your error message was never \def'ed. If you have
misspelled it (e.g., `\hobx'), type `I' and the correct
spelling (e.g., `I\hbox'). Otherwise just continue,
and I'll forget about whatever was undefined.

! Missing number, treated as zero.
<to be read again> 
                   ]
l.16   \includegraphics[width=.98\linewidth]
                                            {images/EPFL-Logo.jpg}\\[0.3cm]
A number should have been here; I inserted `0'.
(If you can't figure out why I needed to see a number,
look up `weird error' in the index to The TeXbook.)

! Illegal unit of measure (pt inserted).
<to be read again> 
                   ]
l.16   \includegraphics[width=.98\linewidth]
                                            {images/EPFL-Logo.jpg}\\[0.3cm]
Dimensions can be in units of em, ex, in, pt, pc,
cm, mm, dd, cc, nd, nc, bp, or sp; but yours is a new one!
I'll assume that you meant to say pt, for printer's points.
To recover gracefully from this error, it's best to
delete the erroneous units; e.g., type `2' to delete
two letters. (See Chapter 27 of The TeXbook.)

! Undefined control sequence.
l.17   \includegraphics
                       [width=.98\linewidth]{images/polytech-s-logo.jpeg}
The control sequence at the end of the top line
of your error message was never \def'ed. If you have
misspelled it (e.g., `\hobx'), type `I' and the correct
spelling (e.g., `I\hbox'). Otherwise just continue,
and I'll forget about whatever was undefined.

! Missing number, treated as zero.
<to be read again> 
                   ]
l.17   \includegraphics[width=.98\linewidth]
                                            {images/polytech-s-logo.jpeg}
A number should have been here; I inserted `0'.
(If you can't figure out why I needed to see a number,
look up `weird error' in the index to The TeXbook.)

! Illegal unit of measure (pt inserted).
<to be read again> 
                   ]
l.17   \includegraphics[width=.98\linewidth]
                                            {images/polytech-s-logo.jpeg}
Dimensions can be in units of em, ex, in, pt, pc,
cm, mm, dd, cc, nd, nc, bp, or sp; but yours is a new one!
I'll assume that you meant to say pt, for printer's points.
To recover gracefully from this error, it's best to
delete the erroneous units; e.g., type `2' to delete
two letters. (See Chapter 27 of The TeXbook.)

LaTeX Font Info:    External font `cmex10' loaded for size
(Font)              <7> on input line 18.
LaTeX Font Info:    External font `cmex10' loaded for size
(Font)              <5> on input line 18.

LaTeX Font Warning: Font shape `OT1/cmss/m/sc' in size <10> not available
(Font)              Font shape `OT1/cmr/m/sc' tried instead on input line 21.

Missing character: There is no √ in font cmss10!
Missing character: There is no ß in font cmss10!

Overfull \hbox (8191.99997pt too wide) in paragraph at lines 14--25
 []$[]$$[]$ 
 []

! Undefined control sequence.
l.33     \vfill{\large
                       August 2018}
The control sequence at the end of the top line
of your error message was never \def'ed. If you have
misspelled it (e.g., `\hobx'), type `I' and the correct
spelling (e.g., `I\hbox'). Otherwise just continue,
and I'll forget about whatever was undefined.


Overfull \hbox (29.44449pt too wide) in paragraph at lines 33--34
 []\OT1/cmss/m/n/10 August 
 []


Overfull \hbox (20.00006pt too wide) in paragraph at lines 33--34
 \OT1/cmss/m/n/10 2018 
 []


! LaTeX Error: \begin{document} ended by \end{titlepage}.

See the LaTeX manual or LaTeX Companion for explanation.
Type  H <return>  for immediate help.
 ...                                              
                                                  
l.37 \end{titlepage}
                    
Your command was ignored.
Type  I <command> <return>  to replace it with another command,
or  <return>  to continue without it.

)
! Emergency stop.
<*> titlepage.tex
                 
*** (job aborted, no legal \end found)

 
Here is how much of TeX's memory you used:
 21 strings out of 493029
 328 string characters out of 6136235
 55060 words of memory out of 5000000
 3653 multiletter control sequences out of 15000+600000
 4896 words of font info for 18 fonts, out of 8000000 for 9000
 1141 hyphenation exceptions out of 8191
 20i,2n,18p,121b,234s stack positions out of 5000i,500n,10000p,200000b,80000s
!  ==> Fatal error occurred, no output PDF file produced!
